# JRE version: OpenJDK Runtime Environment (8.0_312-b07) (build 1.8.0_312-b07)
# Java VM: OpenJDK 64-Bit Server VM (25.312-b07 mixed mode linux-amd64 compressed oops)
Heap:
 PSYoungGen      total 146944K, used 100304K [0x00000000f5580000, 0x0000000100000000, 0x0000000100000000)
  eden space 119296K, 76% used [0x00000000f5580000,0x00000000faee3060,0x00000000fca00000)
  from space 27648K, 31% used [0x00000000fca00000,0x00000000fd291128,0x00000000fe500000)
  to   space 26624K, 0% used [0x00000000fe600000,0x00000000fe600000,0x0000000100000000)
 ParOldGen       total 349696K, used 322023K [0x00000000e0000000, 0x00000000f5580000, 0x00000000f5580000)
  object space 349696K, 92% used [0x00000000e0000000,0x00000000f3a79cf8,0x00000000f5580000)
 Metaspace       used 132977K, capacity 142254K, committed 143488K, reserved 1173504K
  class space    used 16850K, capacity 18552K, committed 19072K, reserved 1048576K
GC Heap History (10 events):
Event: 2989.873 GC heap before
{Heap before GC invocations=102 (full 7):
 PSYoungGen      total 148992K, used 125736K [0x00000000f5580000, 0x0000000100000000, 0x0000000100000000)
  eden space 123392K, 100% used [0x00000000f5580000,0x00000000fce00000,0x00000000fce00000)
  from space 25600K, 9% used [0x00000000fe700000,0x00000000fe94a1b8,0x0000000100000000)
  to   space 25600K, 0% used [0x00000000fce00000,0x00000000fce00000,0x00000000fe700000)
 ParOldGen       total 349696K, used 271953K [0x00000000e0000000, 0x00000000f5580000, 0x00000000f5580000)
  object space 349696K, 77% used [0x00000000e0000000,0x00000000f0994638,0x00000000f5580000)
 Metaspace       used 132569K, capacity 141676K, committed 143232K, reserved 1173504K
  class space    used 16815K, capacity 18470K, committed 19072K, reserved 1048576K
Event: 2989.883 GC heap after
Heap after GC invocations=102 (full 7):
 PSYoungGen      total 131584K, used 8096K [0x00000000f5580000, 0x00000000ffe00000, 0x0000000100000000)
  eden space 123392K, 0% used [0x00000000f5580000,0x00000000f5580000,0x00000000fce00000)
  from space 8192K, 98% used [0x00000000fce00000,0x00000000fd5e8020,0x00000000fd600000)
  to   space 24576K, 0% used [0x00000000fe600000,0x00000000fe600000,0x00000000ffe00000)
 ParOldGen       total 349696K, used 272529K [0x00000000e0000000, 0x00000000f5580000, 0x00000000f5580000)
  object space 349696K, 77% used [0x00000000e0000000,0x00000000f0a24638,0x00000000f5580000)
 Metaspace       used 132569K, capacity 141676K, committed 143232K, reserved 1173504K
  class space    used 16815K, capacity 18470K, committed 19072K, reserved 1048576K
}
Event: 3018.608 GC heap before
{Heap before GC invocations=103 (full 7):
 PSYoungGen      total 131584K, used 131488K [0x00000000f5580000, 0x00000000ffe00000, 0x0000000100000000)
  eden space 123392K, 100% used [0x00000000f5580000,0x00000000fce00000,0x00000000fce00000)
  from space 8192K, 98% used [0x00000000fce00000,0x00000000fd5e8020,0x00000000fd600000)
  to   space 24576K, 0% used [0x00000000fe600000,0x00000000fe600000,0x00000000ffe00000)
 ParOldGen       total 349696K, used 272529K [0x00000000e0000000, 0x00000000f5580000, 0x00000000f5580000)
  object space 349696K, 77% used [0x00000000e0000000,0x00000000f0a24638,0x00000000f5580000)
 Metaspace       used 132610K, capacity 141710K, committed 143232K, reserved 1173504K
  class space    used 16818K, capacity 18475K, committed 19072K, reserved 1048576K
Event: 3018.622 GC heap after
Heap after GC invocations=103 (full 7):
 PSYoungGen      total 144896K, used 21142K [0x00000000f5580000, 0x0000000100000000, 0x0000000100000000)
  eden space 120320K, 0% used [0x00000000f5580000,0x00000000f5580000,0x00000000fcb00000)
  from space 24576K, 86% used [0x00000000fe600000,0x00000000ffaa5ba0,0x00000000ffe00000)
  to   space 27136K, 0% used [0x00000000fcb00000,0x00000000fcb00000,0x00000000fe580000)
 ParOldGen       total 349696K, used 275161K [0x00000000e0000000, 0x00000000f5580000, 0x00000000f5580000)
  object space 349696K, 78% used [0x00000000e0000000,0x00000000f0cb6508,0x00000000f5580000)
 Metaspace       used 132610K, capacity 141710K, committed 143232K, reserved 1173504K
  class space    used 16818K, capacity 18475K, committed 19072K, reserved 1048576K
}
Event: 3018.858 GC heap before
{Heap before GC invocations=104 (full 7):
 PSYoungGen      total 144896K, used 141462K [0x00000000f5580000, 0x0000000100000000, 0x0000000100000000)
  eden space 120320K, 100% used [0x00000000f5580000,0x00000000fcb00000,0x00000000fcb00000)
  from space 24576K, 86% used [0x00000000fe600000,0x00000000ffaa5ba0,0x00000000ffe00000)
  to   space 27136K, 0% used [0x00000000fcb00000,0x00000000fcb00000,0x00000000fe580000)
 ParOldGen       total 349696K, used 275161K [0x00000000e0000000, 0x00000000f5580000, 0x00000000f5580000)
  object space 349696K, 78% used [0x00000000e0000000,0x00000000f0cb6508,0x00000000f5580000)
 Metaspace       used 132654K, capacity 141784K, committed 143232K, reserved 1173504K
  class space    used 16819K, capacity 18477K, committed 19072K, reserved 1048576K
Event: 3018.874 GC heap after
Heap after GC invocations=104 (full 7):
 PSYoungGen      total 147456K, used 11053K [0x00000000f5580000, 0x00000000fff80000, 0x0000000100000000)
  eden space 120320K, 0% used [0x00000000f5580000,0x00000000f5580000,0x00000000fcb00000)
  from space 27136K, 40% used [0x00000000fcb00000,0x00000000fd5cb7b0,0x00000000fe580000)
  to   space 25600K, 0% used [0x00000000fe680000,0x00000000fe680000,0x00000000fff80000)
 ParOldGen       total 349696K, used 295716K [0x00000000e0000000, 0x00000000f5580000, 0x00000000f5580000)
  object space 349696K, 84% used [0x00000000e0000000,0x00000000f20c9088,0x00000000f5580000)
 Metaspace       used 132654K, capacity 141784K, committed 143232K, reserved 1173504K
  class space    used 16819K, capacity 18477K, committed 19072K, reserved 1048576K
}
Event: 3019.301 GC heap before
{Heap before GC invocations=105 (full 7):
 PSYoungGen      total 147456K, used 131373K [0x00000000f5580000, 0x00000000fff80000, 0x0000000100000000)
  eden space 120320K, 100% used [0x00000000f5580000,0x00000000fcb00000,0x00000000fcb00000)
  from space 27136K, 40% used [0x00000000fcb00000,0x00000000fd5cb7b0,0x00000000fe580000)
  to   space 25600K, 0% used [0x00000000fe680000,0x00000000fe680000,0x00000000fff80000)
 ParOldGen       total 349696K, used 295716K [0x00000000e0000000, 0x00000000f5580000, 0x00000000f5580000)
  object space 349696K, 84% used [0x00000000e0000000,0x00000000f20c9088,0x00000000f5580000)
 Metaspace       used 132688K, capacity 141784K, committed 143232K, reserved 1173504K
  class space    used 16820K, capacity 18477K, committed 19072K, reserved 1048576K
Event: 3019.325 GC heap after
Heap after GC invocations=105 (full 7):
 PSYoungGen      total 144896K, used 20405K [0x00000000f5580000, 0x0000000100000000, 0x0000000100000000)
  eden space 119296K, 0% used [0x00000000f5580000,0x00000000f5580000,0x00000000fca00000)
  from space 25600K, 79% used [0x00000000fe680000,0x00000000ffa6d678,0x00000000fff80000)
  to   space 27648K, 0% used [0x00000000fca00000,0x00000000fca00000,0x00000000fe500000)
 ParOldGen       total 349696K, used 304868K [0x00000000e0000000, 0x00000000f5580000, 0x00000000f5580000)
  object space 349696K, 87% used [0x00000000e0000000,0x00000000f29b9170,0x00000000f5580000)
 Metaspace       used 132688K, capacity 141784K, committed 143232K, reserved 1173504K
  class space    used 16820K, capacity 18477K, committed 19072K, reserved 1048576K
}
Event: 3020.375 GC heap before
{Heap before GC invocations=106 (full 7):
 PSYoungGen      total 144896K, used 139701K [0x00000000f5580000, 0x0000000100000000, 0x0000000100000000)
  eden space 119296K, 100% used [0x00000000f5580000,0x00000000fca00000,0x00000000fca00000)
  from space 25600K, 79% used [0x00000000fe680000,0x00000000ffa6d678,0x00000000fff80000)
  to   space 27648K, 0% used [0x00000000fca00000,0x00000000fca00000,0x00000000fe500000)
 ParOldGen       total 349696K, used 304868K [0x00000000e0000000, 0x00000000f5580000, 0x00000000f5580000)
  object space 349696K, 87% used [0x00000000e0000000,0x00000000f29b9170,0x00000000f5580000)
 Metaspace       used 132977K, capacity 142254K, committed 143488K, reserved 1173504K
  class space    used 16850K, capacity 18552K, committed 19072K, reserved 1048576K
Event: 3020.397 GC heap after
Heap after GC invocations=106 (full 7):
 PSYoungGen      total 146944K, used 8772K [0x00000000f5580000, 0x0000000100000000, 0x0000000100000000)
  eden space 119296K, 0% used [0x00000000f5580000,0x00000000f5580000,0x00000000fca00000)
  from space 27648K, 31% used [0x00000000fca00000,0x00000000fd291128,0x00000000fe500000)
  to   space 26624K, 0% used [0x00000000fe600000,0x00000000fe600000,0x0000000100000000)
 ParOldGen       total 349696K, used 322023K [0x00000000e0000000, 0x00000000f5580000, 0x00000000f5580000)
  object space 349696K, 92% used [0x00000000e0000000,0x00000000f3a79cf8,0x00000000f5580000)
 Metaspace       used 132977K, capacity 142254K, committed 143488K, reserved 1173504K
  class space    used 16850K, capacity 18552K, committed 19072K, reserved 1048576K
}

